<?xml version="1.0" encoding="UTF-8"?>
<!-- Generated by org.testng.reporters.JUnitReportReporter -->
<testsuite hostname="Erens-MacBook-Pro.local" failures="0" tests="1" name="runners.RunTest" time="31.124" errors="0" timestamp="2024-01-10T22:05:44 TRT" skipped="0">
  <testcase classname="runners.RunTest" name="runScenario" time="31.124"/>
  <system-out/>
</testsuite> <!-- runners.RunTest -->
